Using pre-set license

 COMMAND LINE ARGUMENTS:
/Applications/2021.1.0b1/Unity.app/Contents/MacOS/Unity
-adb2
-batchMode
-noUpm
-name
AssetImportWorker0
-projectPath
/Users/sumida_naoki/Works/Unity/Projects/cloud_pet
-logFile
Logs/AssetImportWorker0.log
-srvPort
51775
Successfully changed project path to: /Users/sumida_naoki/Works/Unity/Projects/cloud_pet
/Users/sumida_naoki/Works/Unity/Projects/cloud_pet
Using Asset Import Pipeline V2.
Refreshing native plugins compatible for Editor in 171.93 ms, found 1 plugins.
Preloading 0 native plugins for Editor in 0.00 ms.
Initialize engine version: 2021.1.0b1 (9f7c487dd2da)
[Subsystems] Discovering subsystems at path /Applications/2021.1.0b1/Unity.app/Contents/Resources/UnitySubsystems
[Subsystems] Discovering subsystems at path /Users/sumida_naoki/Works/Unity/Projects/cloud_pet/Assets
GfxDevice: creating device client; threaded=0; jobified=0
2021-01-28 23:07:26.612 Unity[4124:154254] Color LCD preferred device: AMD Radeon Pro 5500M (high power)
2021-01-28 23:07:26.612 Unity[4124:154254] Metal devices available: 2
2021-01-28 23:07:26.612 Unity[4124:154254] 0: AMD Radeon Pro 5500M (high power)
2021-01-28 23:07:26.612 Unity[4124:154254] 1: Intel(R) UHD Graphics 630 (low power)
2021-01-28 23:07:26.614 Unity[4124:154254] Using device AMD Radeon Pro 5500M (high power)
Initializing Metal device caps: AMD Radeon Pro 5500M
Initialize mono
Mono path[0] = '/Applications/2021.1.0b1/Unity.app/Contents/Managed'
Mono path[1] = '/Applications/2021.1.0b1/Unity.app/Contents/MonoBleedingEdge/lib/mono/unityjit'
Mono config path = '/Applications/2021.1.0b1/Unity.app/Contents/MonoBleedingEdge/etc'
Using monoOptions --debugger-agent=transport=dt_socket,embedding=1,server=y,suspend=n,address=127.0.0.1:56124
Begin MonoManager ReloadAssembly
Registering precompiled unity dll's ...
Register platform support module: /Applications/2021.1.0b1/PlaybackEngines/WebGLSupport/UnityEditor.WebGL.Extensions.dll
Register platform support module: /Applications/2021.1.0b1/Unity.app/Contents/PlaybackEngines/MacStandaloneSupport/UnityEditor.OSXStandalone.Extensions.dll
Register platform support module: /Applications/2021.1.0b1/PlaybackEngines/WindowsStandaloneSupport/UnityEditor.WindowsStandalone.Extensions.dll
Registered in 0.001239 seconds.
Native extension for WindowsStandalone target not found
Native extension for OSXStandalone target not found
Native extension for WebGL target not found
Refreshing native plugins compatible for Editor in 207.98 ms, found 1 plugins.
Preloading 0 native plugins for Editor in 0.00 ms.
Mono: successfully reloaded assembly
- Completed reload, in  3.586 seconds
Platform modules already initialized, skipping
Registering precompiled user dll's ...
Registered in 0.003227 seconds.
Begin MonoManager ReloadAssembly
Native extension for WindowsStandalone target not found
Native extension for OSXStandalone target not found
Native extension for WebGL target not found
Refreshing native plugins compatible for Editor in 87.39 ms, found 1 plugins.
Preloading 0 native plugins for Editor in 0.00 ms.
Mono: successfully reloaded assembly
- Completed reload, in  1.263 seconds
Platform modules already initialized, skipping
========================================================================
Worker process is ready to serve import requests
Shader 'Universal Render Pipeline/Particles/Lit': fallback shader 'Universal Render Pipeline/Particles/SimpleLit' not found
Shader 'Universal Render Pipeline/Particles/Lit': fallback shader 'Universal Render Pipeline/Particles/SimpleLit' not found
Launching external process: /Applications/2021.1.0b1/Unity.app/Contents/Tools/UnityShaderCompiler
Launched and connected shader compiler UnityShaderCompiler after 0.01 seconds
Refreshing native plugins compatible for Editor in 0.65 ms, found 1 plugins.
Preloading 0 native plugins for Editor in 0.00 ms.
Unloading 3956 Unused Serialized files (Serialized files now loaded: 0)
System memory in use before: 362.1 MB.
System memory in use after: 359.3 MB.

Unloading 107 unused Assets to reduce memory usage. Loaded Objects now: 4311.
Total: 3.869800 ms (FindLiveObjects: 0.334303 ms CreateObjectMapping: 0.226420 ms MarkObjects: 1.834845 ms  DeleteObjects: 1.473456 ms)

========================================================================
Received Import Request.
  path: Assets/Readme.asset
  artifactKey: Guid(83c2ed844a8c74b779a4c823d16594b1) Importer(815301076,1909f56bfc062723c751e8b465ee728b)
Start importing Assets/Readme.asset using Guid(83c2ed844a8c74b779a4c823d16594b1) Importer(815301076,1909f56bfc062723c751e8b465ee728b)  -> (artifact id: 'b85b739db1dae0ac6d760c0d453f0761') in 0.371976 seconds 
